#-----------------------------------------------------------
# Vivado v2018.3 (64-bit)
# SW Build 2405991 on Thu Dec  6 23:38:27 MST 2018
# IP Build 2404404 on Fri Dec  7 01:43:56 MST 2018
# Start of session at: Tue Apr 16 17:54:34 2024
# Process ID: 34580
# Current directory: D:/MyVivado/experiment2/IF_ID
# Command line: vivado.exe -gui_launcher_event rodinguilauncherevent12080 D:\MyVivado\experiment2\IF_ID\IF_ID.xpr
# Log file: D:/MyVivado/experiment2/IF_ID/vivado.log
# Journal file: D:/MyVivado/experiment2/IF_ID\vivado.jou
#-----------------------------------------------------------
start_gui
open_project D:/MyVivado/experiment2/IF_ID/IF_ID.xpr
Scanning sources...
Finished scanning sources
INFO: [IP_Flow 19-234] Refreshing IP repositories
INFO: [IP_Flow 19-1704] No user IP repositories specified
INFO: [IP_Flow 19-2313] Loaded Vivado IP repository 'E:/Vivado/Vivado/2018.3/data/ip'.
open_project: Time (s): cpu = 00:00:08 ; elapsed = 00:00:08 . Memory (MB): peak = 843.258 ; gain = 206.883
update_compile_order -fileset sources_1
exit
INFO: [Common 17-206] Exiting Vivado at Tue Apr 16 18:02:59 2024...
